Chapter_12/app/build/intermediates/manifest_merge_blame_file/debug/manifest-merger-blame-debug-report.txt
1<?xml version="1.0" encoding="utf-8"?>
2<manifest xmlns:android="http://schemas.android.com/apk/res/android"
3    package="com.ryg.chapter_12"
4    android:versionCode="1"
5    android:versionName="1.0" >
6
7    <uses-sdk
7-->src/main/AndroidManifest.xml:7:5-47
8        android:minSdkVersion="8"
8-->src/main/AndroidManifest.xml:7:5-47
9        android:targetSdkVersion="19" />
9-->src/main/AndroidManifest.xml:7:15-44
10
11    <uses-permission android:name="android.permission.INTERNET" />
11-->src/main/AndroidManifest.xml:9:5-67
11-->src/main/AndroidManifest.xml:9:22-64
12    <uses-permission android:name="android.permission.ACCESS_NETWORK_STATE" />
12-->src/main/AndroidManifest.xml:10:5-79
12-->src/main/AndroidManifest.xml:10:22-76
13    <uses-permission android:name="android.permission.WRITE_EXTERNAL_STORAGE" />
13-->src/main/AndroidManifest.xml:11:5-81
13-->src/main/AndroidManifest.xml:11:22-78
14
15    <application
15-->src/main/AndroidManifest.xml:13:5-29:19
16        android:allowBackup="true"
16-->src/main/AndroidManifest.xml:14:9-35
17        android:debuggable="true"
18        android:icon="@drawable/ic_launcher_1"
18-->src/main/AndroidManifest.xml:15:9-47
19        android:label="@string/app_name"
19-->src/main/AndroidManifest.xml:16:9-41
20        android:testOnly="true"
21        android:theme="@style/AppTheme" >
21-->src/main/AndroidManifest.xml:17:9-40
22        <activity
22-->src/main/AndroidManifest.xml:18:9-27:20
23            android:name="com.ryg.chapter_12.MainActivity"
23-->src/main/AndroidManifest.xml:19:13-41
24            android:hardwareAccelerated="true"
24-->src/main/AndroidManifest.xml:20:13-47
25            android:label="@string/app_name" >
25-->src/main/AndroidManifest.xml:21:13-45
26            <intent-filter>
26-->src/main/AndroidManifest.xml:22:13-26:29
27                <action android:name="android.intent.action.MAIN" />
27-->src/main/AndroidManifest.xml:23:17-69
27-->src/main/AndroidManifest.xml:23:25-66
28
29                <category android:name="android.intent.category.LAUNCHER" />
29-->src/main/AndroidManifest.xml:25:17-77
29-->src/main/AndroidManifest.xml:25:27-74
30            </intent-filter>
31        </activity>
32    </application>
33
34</manifest>